<?xml version="1.0" encoding="UTF-8"?>
<testng-results skipped="0" failed="0" total="1" passed="1">
  <reporter-output>
  </reporter-output>
  <suite name="Suite" duration-ms="13379" started-at="2019-12-12T12:29:49Z" finished-at="2019-12-12T12:30:03Z">
    <groups>
    </groups>
    <test name="Test" duration-ms="13379" started-at="2019-12-12T12:29:49Z" finished-at="2019-12-12T12:30:03Z">
      <class name="devOps_Test.LoginTest">
        <test-method status="PASS" signature="launchChrome()[pri:0, instance:devOps_Test.LoginTest@1b68b9a4]" name="launchChrome" is-config="true" duration-ms="7944" started-at="2019-12-12T12:29:49Z" finished-at="2019-12-12T12:29:57Z">
        </test-method>
        <test-method status="PASS" signature="testLogin()[pri:0, instance:devOps_Test.LoginTest@1b68b9a4]" name="testLogin" duration-ms="5280" started-at="2019-12-12T12:29:57Z" finished-at="2019-12-12T12:30:03Z">
        </test-method>
        <test-method status="PASS" signature="quitBrowser()[pri:0, instance:devOps_Test.LoginTest@1b68b9a4]" name="quitBrowser" is-config="true" duration-ms="137" started-at="2019-12-12T12:30:03Z" finished-at="2019-12-12T12:30:03Z">
        </test-method>
      </class>
    </test>
  </suite>
</testng-results>
